<?xml version="1.0" encoding="UTF-8"?>
<!-- Generated by org.testng.reporters.JUnitXMLReporter -->
<testsuite hostname="DESKTOP-MQ454D8" failures="0" tests="4" name="Surefire test" time="0.033" errors="0" timestamp="29 Mar 2022 08:14:42 GMT">
  <testcase classname="sethulearning.mavensetup.BusinesslogiconeTest" name="testMethod2" time="0.017"/>
  <testcase classname="sethulearning.mavensetup.BusinesslogiconeTest" name="testMethod1" time="0.0"/>
  <testcase classname="sethulearning.mavensetup.BusinesslogiconeTest" name="testMethod1" time="0.002"/>
  <testcase classname="sethulearning.mavensetup.BusinesslogiconeTest" name="testMethod1" time="0.0"/>
</testsuite> <!-- Surefire test -->
