<?xml version="1.0" encoding="UTF-8"?>
<testng-results total="3" passed="3" failed="0" skipped="0">
  <reporter-output>
  </reporter-output>
  <suite started-at="2022-03-29T10:13:39Z" name="Suite" finished-at="2022-03-29T10:13:39Z" duration-ms="57">
    <groups>
      <group name="Smoke">
        <method signature="BusinesslogictwoTest.testMethod3()[pri:0, instance:sethulearning.mavensetup.BusinesslogictwoTest@2805d709]" name="testMethod3" class="sethulearning.mavensetup.BusinesslogictwoTest"/>
        <method signature="BusinesslogicfourTest.testMethod7()[pri:0, instance:sethulearning.mavensetup.BusinesslogicfourTest@26e356f0]" name="testMethod7" class="sethulearning.mavensetup.BusinesslogicfourTest"/>
        <method signature="BusinesslogicthreeTest.testMethod5()[pri:0, instance:sethulearning.mavensetup.BusinesslogicthreeTest@54a7079e]" name="testMethod5" class="sethulearning.mavensetup.BusinesslogicthreeTest"/>
      </group> <!-- Smoke -->
    </groups>
    <test started-at="2022-03-29T10:13:39Z" name="Test" finished-at="2022-03-29T10:13:39Z" duration-ms="28">
      <class name="sethulearning.mavensetup.BusinesslogictwoTest">
        <test-method signature="testMethod3()[pri:0, instance:sethulearning.mavensetup.BusinesslogictwoTest@2805d709]" started-at="2022-03-29T15:43:39Z" name="testMethod3" finished-at="2022-03-29T15:43:39Z" duration-ms="10" status="PASS">
          <reporter-output>
          </reporter-output>
        </test-method> <!-- testMethod3 -->
      </class> <!-- sethulearning.mavensetup.BusinesslogictwoTest -->
    </test> <!-- Test -->
    <test started-at="2022-03-29T10:13:39Z" name="Test1" finished-at="2022-03-29T10:13:39Z" duration-ms="1">
      <class name="sethulearning.mavensetup.BusinesslogicfourTest">
        <test-method signature="testMethod7()[pri:0, instance:sethulearning.mavensetup.BusinesslogicfourTest@26e356f0]" started-at="2022-03-29T15:43:39Z" name="testMethod7" finished-at="2022-03-29T15:43:39Z" duration-ms="0" status="PASS">
          <reporter-output>
          </reporter-output>
        </test-method> <!-- testMethod7 -->
      </class> <!-- sethulearning.mavensetup.BusinesslogicfourTest -->
      <class name="sethulearning.mavensetup.BusinesslogicthreeTest">
        <test-method signature="testMethod5()[pri:0, instance:sethulearning.mavensetup.BusinesslogicthreeTest@54a7079e]" started-at="2022-03-29T15:43:39Z" name="testMethod5" finished-at="2022-03-29T15:43:39Z" duration-ms="0" status="PASS">
          <reporter-output>
          </reporter-output>
        </test-method> <!-- testMethod5 -->
      </class> <!-- sethulearning.mavensetup.BusinesslogicthreeTest -->
    </test> <!-- Test1 -->
  </suite> <!-- Suite -->
</testng-results>
