<?xml version="1.0" encoding="UTF-8"?>
<!-- Generated by org.testng.reporters.JUnitXMLReporter -->
<testsuite hostname="DESKTOP-MQ454D8" failures="0" tests="5" name="Test" time="0.094" errors="0" timestamp="29 Mar 2022 07:21:55 GMT">
  <testcase classname="sethulearning.mavensetup.BusinesslogiconeTest" name="testMethod2" time="0.046"/>
  <testcase classname="sethulearning.mavensetup.BusinesslogictwoTest" name="testMethod3" time="0.001"/>
  <testcase classname="sethulearning.mavensetup.BusinesslogiconeTest" name="testMethod1" time="0.003"/>
  <testcase classname="sethulearning.mavensetup.BusinesslogiconeTest" name="testMethod1" time="0.004"/>
  <testcase classname="sethulearning.mavensetup.BusinesslogiconeTest" name="testMethod1" time="0.005"/>
</testsuite> <!-- Test -->
