<?xml version="1.0" encoding="UTF-8"?>
<!-- Generated by org.testng.reporters.JUnitXMLReporter -->
<testsuite hostname="DESKTOP-MQ454D8" failures="0" tests="6" name="Test" time="0.102" errors="0" timestamp="29 Mar 2022 18:34:36 GMT">
  <testcase classname="sethulearning.mavensetup.BusinesslogiconeTest" name="testMethod2" time="0.048"/>
  <testcase classname="sethulearning.mavensetup.BusinesslogictwoTest" name="testMethod3" time="0.003"/>
  <testcase classname="sethulearning.mavensetup.BusinesslogictwoTest" name="testMethod4" time="0.007"/>
  <testcase classname="sethulearning.mavensetup.BusinesslogiconeTest" name="testMethod1" time="0.002"/>
  <testcase classname="sethulearning.mavensetup.BusinesslogiconeTest" name="testMethod1" time="0.005"/>
  <testcase classname="sethulearning.mavensetup.BusinesslogiconeTest" name="testMethod1" time="0.004"/>
</testsuite> <!-- Test -->
