<?xml version="1.0" encoding="UTF-8"?>
<!-- Generated by org.testng.reporters.JUnitXMLReporter -->
<testsuite hostname="DESKTOP-MQ454D8" failures="0" tests="4" name="Test1" time="0.018" errors="0" timestamp="29 Mar 2022 07:21:55 GMT">
  <testcase classname="sethulearning.mavensetup.BusinesslogicthreeTest" name="testMethod5" time="0.0">
    <skipped/>
  </testcase> <!-- testMethod5 -->
  <testcase classname="sethulearning.mavensetup.BusinesslogicthreeTest" name="testMethod6" time="0.001"/>
  <testcase classname="sethulearning.mavensetup.BusinesslogicfourTest" name="testMethod7" time="0.001"/>
  <testcase classname="sethulearning.mavensetup.BusinesslogicfourTest" name="testMethod8" time="0.002"/>
</testsuite> <!-- Test1 -->
