<?xml version="1.0" encoding="UTF-8"?>
<testng-results total="10" passed="10" failed="0" skipped="0">
  <reporter-output>
  </reporter-output>
  <suite started-at="2022-03-29T18:34:36Z" name="Suite" finished-at="2022-03-29T18:34:36Z" duration-ms="172">
    <groups>
      <group name="Smoke">
        <method signature="BusinesslogictwoTest.testMethod3()[pri:0, instance:sethulearning.mavensetup.BusinesslogictwoTest@df6620a]" name="testMethod3" class="sethulearning.mavensetup.BusinesslogictwoTest"/>
        <method signature="BusinesslogicfourTest.testMethod7()[pri:0, instance:sethulearning.mavensetup.BusinesslogicfourTest@50dfbc58]" name="testMethod7" class="sethulearning.mavensetup.BusinesslogicfourTest"/>
        <method signature="BusinesslogicthreeTest.testMethod5()[pri:0, instance:sethulearning.mavensetup.BusinesslogicthreeTest@73a8da0f]" name="testMethod5" class="sethulearning.mavensetup.BusinesslogicthreeTest"/>
      </group> <!-- Smoke -->
    </groups>
    <test started-at="2022-03-29T18:34:36Z" name="Test" finished-at="2022-03-29T18:34:36Z" duration-ms="102">
      <class name="sethulearning.mavensetup.BusinesslogiconeTest">
        <test-method signature="testMethod2()[pri:0, instance:sethulearning.mavensetup.BusinesslogiconeTest@1f75a668]" started-at="2022-03-30T00:04:36Z" name="testMethod2" finished-at="2022-03-30T00:04:36Z" duration-ms="48" status="PASS">
          <reporter-output>
          </reporter-output>
        </test-method> <!-- testMethod2 -->
        <test-method signature="testMethod1(java.lang.String, java.lang.String)[pri:0, instance:sethulearning.mavensetup.BusinesslogiconeTest@1f75a668]" started-at="2022-03-30T00:04:36Z" name="testMethod1" data-provider="getData" finished-at="2022-03-30T00:04:36Z" depends-on-methods="sethulearning.mavensetup.BusinesslogiconeTest.testMethod2" duration-ms="2" status="PASS">
          <params>
            <param index="0">
              <value>
                <![CDATA[u1]]>
              </value>
            </param>
            <param index="1">
              <value>
                <![CDATA[p1]]>
              </value>
            </param>
          </params>
          <reporter-output>
          </reporter-output>
        </test-method> <!-- testMethod1 -->
        <test-method signature="testMethod1(java.lang.String, java.lang.String)[pri:0, instance:sethulearning.mavensetup.BusinesslogiconeTest@1f75a668]" started-at="2022-03-30T00:04:36Z" name="testMethod1" data-provider="getData" finished-at="2022-03-30T00:04:36Z" depends-on-methods="sethulearning.mavensetup.BusinesslogiconeTest.testMethod2" duration-ms="5" status="PASS">
          <params>
            <param index="0">
              <value is-null="true"/>
            </param>
            <param index="1">
              <value is-null="true"/>
            </param>
          </params>
          <reporter-output>
          </reporter-output>
        </test-method> <!-- testMethod1 -->
        <test-method signature="testMethod1(java.lang.String, java.lang.String)[pri:0, instance:sethulearning.mavensetup.BusinesslogiconeTest@1f75a668]" started-at="2022-03-30T00:04:36Z" name="testMethod1" data-provider="getData" finished-at="2022-03-30T00:04:36Z" depends-on-methods="sethulearning.mavensetup.BusinesslogiconeTest.testMethod2" duration-ms="4" status="PASS">
          <params>
            <param index="0">
              <value is-null="true"/>
            </param>
            <param index="1">
              <value is-null="true"/>
            </param>
          </params>
          <reporter-output>
          </reporter-output>
        </test-method> <!-- testMethod1 -->
      </class> <!-- sethulearning.mavensetup.BusinesslogiconeTest -->
      <class name="sethulearning.mavensetup.BusinesslogictwoTest">
        <test-method signature="testMethod3()[pri:0, instance:sethulearning.mavensetup.BusinesslogictwoTest@df6620a]" started-at="2022-03-30T00:04:36Z" name="testMethod3" finished-at="2022-03-30T00:04:36Z" duration-ms="3" status="PASS">
          <reporter-output>
          </reporter-output>
        </test-method> <!-- testMethod3 -->
        <test-method signature="testMethod4()[pri:0, instance:sethulearning.mavensetup.BusinesslogictwoTest@df6620a]" started-at="2022-03-30T00:04:36Z" name="testMethod4" finished-at="2022-03-30T00:04:36Z" duration-ms="7" status="PASS">
          <reporter-output>
          </reporter-output>
        </test-method> <!-- testMethod4 -->
      </class> <!-- sethulearning.mavensetup.BusinesslogictwoTest -->
    </test> <!-- Test -->
    <test started-at="2022-03-29T18:34:36Z" name="Test1" finished-at="2022-03-29T18:34:36Z" duration-ms="15">
      <class name="sethulearning.mavensetup.BusinesslogicfourTest">
        <test-method signature="testMethod7()[pri:0, instance:sethulearning.mavensetup.BusinesslogicfourTest@50dfbc58]" started-at="2022-03-30T00:04:36Z" name="testMethod7" finished-at="2022-03-30T00:04:36Z" duration-ms="2" status="PASS">
          <reporter-output>
          </reporter-output>
        </test-method> <!-- testMethod7 -->
        <test-method signature="testMethod8()[pri:0, instance:sethulearning.mavensetup.BusinesslogicfourTest@50dfbc58]" started-at="2022-03-30T00:04:36Z" name="testMethod8" finished-at="2022-03-30T00:04:36Z" duration-ms="2" status="PASS">
          <reporter-output>
          </reporter-output>
        </test-method> <!-- testMethod8 -->
      </class> <!-- sethulearning.mavensetup.BusinesslogicfourTest -->
      <class name="sethulearning.mavensetup.BusinesslogicthreeTest">
        <test-method signature="testMethod5()[pri:0, instance:sethulearning.mavensetup.BusinesslogicthreeTest@73a8da0f]" started-at="2022-03-30T00:04:36Z" name="testMethod5" finished-at="2022-03-30T00:04:36Z" duration-ms="2" status="PASS">
          <reporter-output>
          </reporter-output>
        </test-method> <!-- testMethod5 -->
        <test-method signature="testMethod6()[pri:0, instance:sethulearning.mavensetup.BusinesslogicthreeTest@73a8da0f]" started-at="2022-03-30T00:04:36Z" name="testMethod6" finished-at="2022-03-30T00:04:36Z" duration-ms="4" status="PASS">
          <reporter-output>
          </reporter-output>
        </test-method> <!-- testMethod6 -->
      </class> <!-- sethulearning.mavensetup.BusinesslogicthreeTest -->
    </test> <!-- Test1 -->
  </suite> <!-- Suite -->
</testng-results>
